Qubit Map of the M-scheme states 
No. of Qubits = 12 
Qubit	n	l	j	  jz 
	0	1	1	3/2	  -3/2 
	1	1	1	3/2	  3/2 
	2	1	1	3/2	  -1/2 
	3	1	1	3/2	  1/2 
	4	0	3	5/2	  -5/2 
	5	0	3	5/2	  5/2 
	6	0	3	5/2	  -3/2 
	7	0	3	5/2	  3/2 
	8	0	3	5/2	  -1/2 
	9	0	3	5/2	  1/2 
	10	1	1	1/2	  -1/2 
	11	1	1	1/2	  1/2 

________________________________________________
Qubit mapped matrix elements of V All M 
   1	5	1	5		-0.284200 
   1	5	5	7		-0.390400 
   5	7	1	5		-0.390400 
   5	7	5	7		0.252000 
   1	7	1	7		-0.048363 
   1	7	3	5		-0.304465 
   1	7	5	9		-0.308638 
   1	7	5	11		0.126516 
   3	5	1	7		-0.304465 
   3	5	3	5		0.108862 
   3	5	5	9		-0.239070 
   3	5	5	11		-0.163332 
   5	9	1	7		-0.308638 
   5	9	3	5		-0.239070 
   5	9	5	9		0.252000 
   5	11	1	7		0.126516 
   5	11	3	5		-0.163332 
   5	11	5	11		0.405100 
   1	3	1	3		0.245900 
   1	3	1	9		-0.133648 
   1	3	1	11		-0.593200 
   1	3	3	7		0.218247 
   1	3	2	5		-0.244007 
   1	3	5	8		-0.235998 
   1	3	5	10		-0.211056 
   1	3	7	9		0.316624 
   1	3	7	11		0.094387 
   1	9	1	3		-0.133648 
   1	9	1	9		0.111536 
   1	9	1	11		-0.138297 
   1	9	3	7		-0.261113 
   1	9	2	5		-0.138646 
   1	9	5	8		-0.327310 
   1	9	5	10		-0.043076 
   1	9	7	9		0.048733 
   1	9	7	11		0.179296 
   1	11	1	3		-0.593200 
   1	11	1	9		-0.138297 
   1	11	1	11		-0.213700 
   1	11	3	7		0.225838 
   1	11	2	5		-0.252495 
   1	11	5	8		-0.238568 
   1	11	5	10		-0.222741 
   1	11	7	9		0.320072 
   1	11	7	11		0.099613 
   3	7	1	3		0.218247 
   3	7	1	9		-0.261113 
   3	7	1	11		0.225838 
   3	7	3	7		-0.015030 
   3	7	2	5		-0.125159 
   3	7	5	8		-0.000082 
   3	7	5	10		0.143387 
   3	7	7	9		-0.478030 
   3	7	7	11		-0.129457 
   2	5	1	3		-0.244007 
   2	5	1	9		-0.138646 
   2	5	1	11		-0.252495 
   2	5	3	7		-0.125159 
   2	5	2	5		0.248794 
   2	5	5	8		-0.358514 
   2	5	5	10		-0.241977 
   2	5	7	9		0.267165 
   2	5	7	11		-0.037873 
   5	8	1	3		-0.235998 
   5	8	1	9		-0.327310 
   5	8	1	11		-0.238568 
   5	8	3	7		-0.000082 
   5	8	2	5		-0.358514 
   5	8	5	8		0.142321 
   5	8	5	10		-0.207089 
   5	8	7	9		0.147149 
   5	8	7	11		0.092613 
   5	10	1	3		-0.211056 
   5	10	1	9		-0.043076 
   5	10	1	11		-0.222741 
   5	10	3	7		0.143387 
   5	10	2	5		-0.241977 
   5	10	5	8		-0.207089 
   5	10	5	10		-0.274150 
   5	10	7	9		0.277839 
   5	10	7	11		0.303770 
   7	9	1	3		0.316624 
   7	9	1	9		0.048733 
   7	9	1	11		0.320072 
   7	9	3	7		-0.478030 
   7	9	2	5		0.267165 
   7	9	5	8		0.147149 
   7	9	5	10		0.277839 
   7	9	7	9		0.054579 
   7	9	7	11		-0.124253 
   7	11	1	3		0.094387 
   7	11	1	9		0.179296 
   7	11	1	11		0.099613 
   7	11	3	7		-0.129457 
   7	11	2	5		-0.037873 
   7	11	5	8		0.092613 
   7	11	5	10		0.303770 
   7	11	7	9		-0.124253 
   7	11	7	11		0.269250 
   1	2	1	2		0.245900 
   1	2	1	8		-0.200472 
   1	2	1	10		-0.296600 
   1	2	3	9		0.192905 
   1	2	3	11		-0.513726 
   1	2	2	7		-0.054562 
   1	2	0	5		-0.211316 
   1	2	5	6		-0.333751 
   1	2	7	8		0.211083 
   1	2	7	10		-0.188774 
   1	2	9	11		0.133483 
   1	8	1	2		-0.200472 
   1	8	1	8		0.215878 
   1	8	1	10		-0.109068 
   1	8	3	9		-0.180726 
   1	8	3	11		-0.176568 
   1	8	2	7		-0.136084 
   1	8	0	5		-0.064457 
   1	8	5	6		-0.385691 
   1	8	7	8		0.048733 
   1	8	7	10		-0.057792 
   1	8	9	11		0.210605 
   1	10	1	2		-0.296600 
   1	10	1	8		-0.109068 
   1	10	1	10		0.332825 
   1	10	3	9		0.109065 
   1	10	3	11		-0.315536 
   1	10	2	7		-0.041322 
   1	10	0	5		-0.092432 
   1	10	5	6		-0.168693 
   1	10	7	8		0.106691 
   1	10	7	10		-0.099613 
   1	10	9	11		0.070437 
   3	9	1	2		0.192905 
   3	9	1	8		-0.180726 
   3	9	1	10		0.109065 
   3	9	3	9		-0.001833 
   3	9	3	11		0.167527 
   3	9	2	7		-0.244793 
   3	9	0	5		-0.027002 
   3	9	5	6		0.133542 
   3	9	7	8		-0.422555 
   3	9	7	10		0.148005 
   3	9	9	11		-0.071989 
   3	11	1	2		-0.513726 
   3	11	1	8		-0.176568 
   3	11	1	10		-0.315536 
   3	11	3	9		0.167527 
   3	11	3	11		-0.031525 
   3	11	2	7		-0.041337 
   3	11	0	5		-0.199129 
   3	11	5	6		-0.292184 
   3	11	7	8		0.184794 
   3	11	7	10		-0.172534 
   3	11	9	11		0.122000 
   2	7	1	2		-0.054562 
   2	7	1	8		-0.136084 
   2	7	1	10		-0.041322 
   2	7	3	9		-0.244793 
   2	7	3	11		-0.041337 
   2	7	2	7		0.191228 
   2	7	0	5		-0.070204 
   2	7	5	6		-0.188973 
   2	7	7	8		-0.119553 
   2	7	7	10		-0.113728 
   2	7	9	11		-0.081272 
   0	5	1	2		-0.211316 
   0	5	1	8		-0.064457 
   0	5	1	10		-0.092432 
   0	5	3	9		-0.027002 
   0	5	3	11		-0.199129 
   0	5	2	7		-0.070204 
   0	5	0	5		0.339427 
   0	5	5	6		-0.341488 
   0	5	7	8		0.154248 
   0	5	7	10		-0.187435 
   0	5	9	11		0.043076 
   5	6	1	2		-0.333751 
   5	6	1	8		-0.385691 
   5	6	1	10		-0.168693 
   5	6	3	9		0.133542 
   5	6	3	11		-0.292184 
   5	6	2	7		-0.188973 
   5	6	0	5		-0.341488 
   5	6	5	6		0.032643 
   5	6	7	8		0.138734 
   5	6	7	10		-0.261949 
   5	6	9	11		0.185226 
   7	8	1	2		0.211083 
   7	8	1	8		0.048733 
   7	8	1	10		0.106691 
   7	8	3	9		-0.422555 
   7	8	3	11		0.184794 
   7	8	2	7		-0.119553 
   7	8	0	5		0.154248 
   7	8	5	6		0.138734 
   7	8	7	8		0.164257 
   7	8	7	10		0.165671 
   7	8	9	11		-0.117147 
   7	10	1	2		-0.188774 
   7	10	1	8		-0.057792 
   7	10	1	10		-0.099613 
   7	10	3	9		0.148005 
   7	10	3	11		-0.172534 
   7	10	2	7		-0.113728 
   7	10	0	5		-0.187435 
   7	10	5	6		-0.261949 
   7	10	7	8		0.165671 
   7	10	7	10		-0.138300 
   7	10	9	11		0.384242 
   9	11	1	2		0.133483 
   9	11	1	8		0.210605 
   9	11	1	10		0.070437 
   9	11	3	9		-0.071989 
   9	11	3	11		0.122000 
   9	11	2	7		-0.081272 
   9	11	0	5		0.043076 
   9	11	5	6		0.185226 
   9	11	7	8		-0.117147 
   9	11	7	10		0.384242 
   9	11	9	11		0.133400 
   1	0	1	0		-0.201650 
   1	0	1	6		-0.163685 
   1	0	3	2		0.447550 
   1	0	3	8		0.066824 
   1	0	3	10		-0.296600 
   1	0	2	9		0.066824 
   1	0	2	11		-0.296600 
   1	0	0	7		-0.163685 
   1	0	5	4		-0.558527 
   1	0	7	6		0.300005 
   1	0	9	8		-0.170743 
   1	0	9	10		-0.115600 
   1	0	8	11		0.115600 
   1	0	11	10		-0.859347 
   1	6	1	0		-0.163685 
   1	6	1	6		0.285047 
   1	6	3	2		-0.163685 
   1	6	3	8		-0.112953 
   1	6	3	10		-0.178107 
   1	6	2	9		-0.086156 
   1	6	2	11		-0.160651 
   1	6	0	7		-0.081533 
   1	6	5	4		-0.341488 
   1	6	7	6		-0.146378 
   1	6	9	8		0.195110 
   1	6	9	10		-0.057792 
   1	6	8	11		0.217824 
   3	2	1	0		0.447550 
   3	2	1	6		-0.163685 
   3	2	3	2		-0.201650 
   3	2	3	8		0.066824 
   3	2	3	10		-0.296600 
   3	2	2	9		0.066824 
   3	2	2	11		-0.296600 
   3	2	0	7		-0.163685 
   3	2	5	4		0.127656 
   3	2	7	6		-0.386179 
   3	2	9	8		0.515440 
   3	2	9	10		-0.115600 
   3	2	8	11		0.115600 
   3	2	11	10		0.859347 
   3	8	1	0		0.066824 
   3	8	1	6		-0.112953 
   3	8	3	2		0.066824 
   3	8	3	8		0.087303 
   3	8	3	10		0.079838 
   3	8	2	9		-0.290217 
   3	8	2	11		0.058459 
   3	8	0	7		-0.086156 
   3	8	5	4		0.059722 
   3	8	7	6		-0.179312 
   3	8	9	8		-0.239033 
   3	8	9	10		0.121593 
   3	8	8	11		0.009073 
   3	10	1	0		-0.296600 
   3	10	1	6		-0.178107 
   3	10	3	2		-0.296600 
   3	10	3	8		0.079838 
   3	10	3	10		0.150650 
   3	10	2	9		0.058459 
   3	10	2	11		-0.364350 
   3	10	0	7		-0.160651 
   3	10	5	4		-0.217781 
   3	10	7	6		-0.043556 
   3	10	9	8		0.174225 
   3	10	9	10		-0.122000 
   3	10	8	11		0.122000 
   2	9	1	0		0.066824 
   2	9	1	6		-0.086156 
   2	9	3	2		0.066824 
   2	9	3	8		-0.290217 
   2	9	3	10		0.058459 
   2	9	2	9		0.087303 
   2	9	2	11		0.079838 
   2	9	0	7		-0.112953 
   2	9	5	4		0.059722 
   2	9	7	6		-0.179312 
   2	9	9	8		-0.239033 
   2	9	9	10		-0.009073 
   2	9	8	11		-0.121593 
   2	11	1	0		-0.296600 
   2	11	1	6		-0.160651 
   2	11	3	2		-0.296600 
   2	11	3	8		0.058459 
   2	11	3	10		-0.364350 
   2	11	2	9		0.079838 
   2	11	2	11		0.150650 
   2	11	0	7		-0.178107 
   2	11	5	4		-0.217781 
   2	11	7	6		-0.043556 
   2	11	9	8		0.174225 
   2	11	9	10		-0.122000 
   2	11	8	11		0.122000 
   0	7	1	0		-0.163685 
   0	7	1	6		-0.081533 
   0	7	3	2		-0.163685 
   0	7	3	8		-0.086156 
   0	7	3	10		-0.160651 
   0	7	2	9		-0.112953 
   0	7	2	11		-0.178107 
   0	7	0	7		0.285047 
   0	7	5	4		-0.341488 
   0	7	7	6		-0.146378 
   0	7	9	8		0.195110 
   0	7	9	10		-0.217824 
   0	7	8	11		0.057792 
   5	4	1	0		-0.558527 
   5	4	1	6		-0.341488 
   5	4	3	2		0.127656 
   5	4	3	8		0.059722 
   5	4	3	10		-0.217781 
   5	4	2	9		0.059722 
   5	4	2	11		-0.217781 
   5	4	0	7		-0.341488 
   5	4	5	4		-0.409764 
   5	4	7	6		0.442407 
   5	4	9	8		-0.332729 
   5	4	9	10		-0.207089 
   5	4	8	11		0.207089 
   5	4	11	10		-0.340059 
   7	6	1	0		0.300005 
   7	6	1	6		-0.146378 
   7	6	3	2		-0.386179 
   7	6	3	8		-0.179312 
   7	6	3	10		-0.043556 
   7	6	2	9		-0.179312 
   7	6	2	11		-0.043556 
   7	6	0	7		-0.146378 
   7	6	5	4		0.442407 
   7	6	7	6		-0.234279 
   7	6	9	8		0.508214 
   7	6	9	10		-0.041418 
   7	6	8	11		0.041418 
   7	6	11	10		0.340059 
   9	8	1	0		-0.170743 
   9	8	1	6		0.195110 
   9	8	3	2		0.515440 
   9	8	3	8		-0.239033 
   9	8	3	10		0.174225 
   9	8	2	9		-0.239033 
   9	8	2	11		0.174225 
   9	8	0	7		0.195110 
   9	8	5	4		-0.332729 
   9	8	7	6		0.508214 
   9	8	9	8		-0.343957 
   9	8	9	10		0.165671 
   9	8	8	11		-0.165671 
   9	8	11	10		-0.340059 
   9	10	1	0		-0.115600 
   9	10	1	6		-0.057792 
   9	10	3	2		-0.115600 
   9	10	3	8		0.121593 
   9	10	3	10		-0.122000 
   9	10	2	9		-0.009073 
   9	10	2	11		-0.122000 
   9	10	0	7		-0.217824 
   9	10	5	4		-0.207089 
   9	10	7	6		-0.041418 
   9	10	9	8		0.165671 
   9	10	9	10		-0.002450 
   9	10	8	11		0.407550 
   8	11	1	0		0.115600 
   8	11	1	6		0.217824 
   8	11	3	2		0.115600 
   8	11	3	8		0.009073 
   8	11	3	10		0.122000 
   8	11	2	9		-0.121593 
   8	11	2	11		0.122000 
   8	11	0	7		0.057792 
   8	11	5	4		0.207089 
   8	11	7	6		0.041418 
   8	11	9	8		-0.165671 
   8	11	9	10		0.407550 
   8	11	8	11		-0.002450 
   11	10	1	0		-0.859347 
   11	10	3	2		0.859347 
   11	10	5	4		-0.340059 
   11	10	7	6		0.340059 
   11	10	9	8		-0.340059 
   11	10	11	10		0.030900 
   1	4	1	4		0.339427 
   1	4	3	0		-0.211316 
   1	4	3	6		-0.070204 
   1	4	2	8		-0.027002 
   1	4	2	10		-0.199129 
   1	4	0	9		-0.064457 
   1	4	0	11		-0.092432 
   1	4	7	4		-0.341488 
   1	4	9	6		0.154248 
   1	4	8	10		-0.043076 
   1	4	6	11		0.187435 
   3	0	1	4		-0.211316 
   3	0	3	0		0.245900 
   3	0	3	6		-0.054562 
   3	0	2	8		0.192905 
   3	0	2	10		-0.513726 
   3	0	0	9		-0.200472 
   3	0	0	11		-0.296600 
   3	0	7	4		-0.333751 
   3	0	9	6		0.211083 
   3	0	8	10		-0.133483 
   3	0	6	11		0.188774 
   3	6	1	4		-0.070204 
   3	6	3	0		-0.054562 
   3	6	3	6		0.191228 
   3	6	2	8		-0.244793 
   3	6	2	10		-0.041337 
   3	6	0	9		-0.136084 
   3	6	0	11		-0.041322 
   3	6	7	4		-0.188973 
   3	6	9	6		-0.119553 
   3	6	8	10		0.081272 
   3	6	6	11		0.113728 
   2	8	1	4		-0.027002 
   2	8	3	0		0.192905 
   2	8	3	6		-0.244793 
   2	8	2	8		-0.001833 
   2	8	2	10		0.167527 
   2	8	0	9		-0.180726 
   2	8	0	11		0.109065 
   2	8	7	4		0.133542 
   2	8	9	6		-0.422555 
   2	8	8	10		0.071989 
   2	8	6	11		-0.148005 
   2	10	1	4		-0.199129 
   2	10	3	0		-0.513726 
   2	10	3	6		-0.041337 
   2	10	2	8		0.167527 
   2	10	2	10		-0.031525 
   2	10	0	9		-0.176568 
   2	10	0	11		-0.315536 
   2	10	7	4		-0.292184 
   2	10	9	6		0.184794 
   2	10	8	10		-0.122000 
   2	10	6	11		0.172534 
   0	9	1	4		-0.064457 
   0	9	3	0		-0.200472 
   0	9	3	6		-0.136084 
   0	9	2	8		-0.180726 
   0	9	2	10		-0.176568 
   0	9	0	9		0.215878 
   0	9	0	11		-0.109068 
   0	9	7	4		-0.385691 
   0	9	9	6		0.048733 
   0	9	8	10		-0.210605 
   0	9	6	11		0.057792 
   0	11	1	4		-0.092432 
   0	11	3	0		-0.296600 
   0	11	3	6		-0.041322 
   0	11	2	8		0.109065 
   0	11	2	10		-0.315536 
   0	11	0	9		-0.109068 
   0	11	0	11		0.332825 
   0	11	7	4		-0.168693 
   0	11	9	6		0.106691 
   0	11	8	10		-0.070437 
   0	11	6	11		0.099613 
   7	4	1	4		-0.341488 
   7	4	3	0		-0.333751 
   7	4	3	6		-0.188973 
   7	4	2	8		0.133542 
   7	4	2	10		-0.292184 
   7	4	0	9		-0.385691 
   7	4	0	11		-0.168693 
   7	4	7	4		0.032643 
   7	4	9	6		0.138734 
   7	4	8	10		-0.185226 
   7	4	6	11		0.261949 
   9	6	1	4		0.154248 
   9	6	3	0		0.211083 
   9	6	3	6		-0.119553 
   9	6	2	8		-0.422555 
   9	6	2	10		0.184794 
   9	6	0	9		0.048733 
   9	6	0	11		0.106691 
   9	6	7	4		0.138734 
   9	6	9	6		0.164257 
   9	6	8	10		0.117147 
   9	6	6	11		-0.165671 
   8	10	1	4		-0.043076 
   8	10	3	0		-0.133483 
   8	10	3	6		0.081272 
   8	10	2	8		0.071989 
   8	10	2	10		-0.122000 
   8	10	0	9		-0.210605 
   8	10	0	11		-0.070437 
   8	10	7	4		-0.185226 
   8	10	9	6		0.117147 
   8	10	8	10		0.133400 
   8	10	6	11		0.384242 
   6	11	1	4		0.187435 
   6	11	3	0		0.188774 
   6	11	3	6		0.113728 
   6	11	2	8		-0.148005 
   6	11	2	10		0.172534 
   6	11	0	9		0.057792 
   6	11	0	11		0.099613 
   6	11	7	4		0.261949 
   6	11	9	6		-0.165671 
   6	11	8	10		0.384242 
   6	11	6	11		-0.138300 
   3	4	3	4		0.248794 
   3	4	2	0		-0.244007 
   3	4	2	6		-0.125159 
   3	4	0	8		-0.138646 
   3	4	0	10		-0.252495 
   3	4	9	4		-0.358514 
   3	4	8	6		0.267165 
   3	4	6	10		0.037873 
   3	4	4	11		0.241977 
   2	0	3	4		-0.244007 
   2	0	2	0		0.245900 
   2	0	2	6		0.218247 
   2	0	0	8		-0.133648 
   2	0	0	10		-0.593200 
   2	0	9	4		-0.235998 
   2	0	8	6		0.316624 
   2	0	6	10		-0.094387 
   2	0	4	11		0.211056 
   2	6	3	4		-0.125159 
   2	6	2	0		0.218247 
   2	6	2	6		-0.015030 
   2	6	0	8		-0.261113 
   2	6	0	10		0.225838 
   2	6	9	4		-0.000082 
   2	6	8	6		-0.478030 
   2	6	6	10		0.129457 
   2	6	4	11		-0.143387 
   0	8	3	4		-0.138646 
   0	8	2	0		-0.133648 
   0	8	2	6		-0.261113 
   0	8	0	8		0.111536 
   0	8	0	10		-0.138297 
   0	8	9	4		-0.327310 
   0	8	8	6		0.048733 
   0	8	6	10		-0.179296 
   0	8	4	11		0.043076 
   0	10	3	4		-0.252495 
   0	10	2	0		-0.593200 
   0	10	2	6		0.225838 
   0	10	0	8		-0.138297 
   0	10	0	10		-0.213700 
   0	10	9	4		-0.238568 
   0	10	8	6		0.320072 
   0	10	6	10		-0.099613 
   0	10	4	11		0.222741 
   9	4	3	4		-0.358514 
   9	4	2	0		-0.235998 
   9	4	2	6		-0.000082 
   9	4	0	8		-0.327310 
   9	4	0	10		-0.238568 
   9	4	9	4		0.142321 
   9	4	8	6		0.147149 
   9	4	6	10		-0.092613 
   9	4	4	11		0.207089 
   8	6	3	4		0.267165 
   8	6	2	0		0.316624 
   8	6	2	6		-0.478030 
   8	6	0	8		0.048733 
   8	6	0	10		0.320072 
   8	6	9	4		0.147149 
   8	6	8	6		0.054579 
   8	6	6	10		0.124253 
   8	6	4	11		-0.277839 
   6	10	3	4		0.037873 
   6	10	2	0		-0.094387 
   6	10	2	6		0.129457 
   6	10	0	8		-0.179296 
   6	10	0	10		-0.099613 
   6	10	9	4		-0.092613 
   6	10	8	6		0.124253 
   6	10	6	10		0.269250 
   6	10	4	11		0.303770 
   4	11	3	4		0.241977 
   4	11	2	0		0.211056 
   4	11	2	6		-0.143387 
   4	11	0	8		0.043076 
   4	11	0	10		0.222741 
   4	11	9	4		0.207089 
   4	11	8	6		-0.277839 
   4	11	6	10		0.303770 
   4	11	4	11		-0.274150 
   2	4	2	4		0.108862 
   2	4	0	6		-0.304465 
   2	4	8	4		-0.239070 
   2	4	4	10		0.163332 
   0	6	2	4		-0.304465 
   0	6	0	6		-0.048363 
   0	6	8	4		-0.308638 
   0	6	4	10		-0.126516 
   8	4	2	4		-0.239070 
   8	4	0	6		-0.308638 
   8	4	8	4		0.252000 
   4	10	2	4		0.163332 
   4	10	0	6		-0.126516 
   4	10	4	10		0.405100 
   0	4	0	4		-0.284200 
   0	4	6	4		-0.390400 
   6	4	0	4		-0.390400 
   6	4	6	4		0.252000 
End V and Total Matrix Elements = 620
________________________________________________
Qubit mapped matrix elements of KE all M 
   1	5	1	5		-18.536700 
   5	7	5	7		-17.417400 
   1	7	1	7		-18.536700 
   3	5	3	5		-18.536700 
   5	9	5	9		-17.417400 
   5	11	5	11		-16.547500 
   1	3	1	3		-19.656000 
   1	9	1	9		-18.536700 
   1	11	1	11		-17.666800 
   3	7	3	7		-18.536700 
   2	5	2	5		-18.536700 
   5	8	5	8		-17.417400 
   5	10	5	10		-16.547500 
   7	9	7	9		-17.417400 
   7	11	7	11		-16.547500 
   1	2	1	2		-19.656000 
   1	8	1	8		-18.536700 
   1	10	1	10		-17.666800 
   3	9	3	9		-18.536700 
   3	11	3	11		-17.666800 
   2	7	2	7		-18.536700 
   0	5	0	5		-18.536700 
   5	6	5	6		-17.417400 
   7	8	7	8		-17.417400 
   7	10	7	10		-16.547500 
   9	11	9	11		-16.547500 
   1	0	1	0		-19.656000 
   1	6	1	6		-18.536700 
   3	2	3	2		-19.656000 
   3	8	3	8		-18.536700 
   3	10	3	10		-17.666800 
   2	9	2	9		-18.536700 
   2	11	2	11		-17.666800 
   0	7	0	7		-18.536700 
   5	4	5	4		-17.417400 
   7	6	7	6		-17.417400 
   9	8	9	8		-17.417400 
   9	10	9	10		-16.547500 
   8	11	8	11		-16.547500 
   11	10	11	10		-15.677600 
   1	4	1	4		-18.536700 
   3	0	3	0		-19.656000 
   3	6	3	6		-18.536700 
   2	8	2	8		-18.536700 
   2	10	2	10		-17.666800 
   0	9	0	9		-18.536700 
   0	11	0	11		-17.666800 
   7	4	7	4		-17.417400 
   9	6	9	6		-17.417400 
   8	10	8	10		-16.547500 
   6	11	6	11		-16.547500 
   3	4	3	4		-18.536700 
   2	0	2	0		-19.656000 
   2	6	2	6		-18.536700 
   0	8	0	8		-18.536700 
   0	10	0	10		-17.666800 
   9	4	9	4		-17.417400 
   8	6	8	6		-17.417400 
   6	10	6	10		-16.547500 
   4	11	4	11		-16.547500 
   2	4	2	4		-18.536700 
   0	6	0	6		-18.536700 
   8	4	8	4		-17.417400 
   4	10	4	10		-16.547500 
   0	4	0	4		-18.536700 
   6	4	6	4		-17.417400 
End KE