1 	 -19.766712987612287 
2 	 -19.436929181346244 
3 	 -19.56995379502555 
4 	 -19.70690060017749 
5 	 -19.766712987612287 
6 	 -19.436929181346244 
7 	 -19.540388053561532 
8 	 -19.71753068441253 
9 	 -19.505060063055986 
10 	 -19.77798588167011 
11 	 -19.742827816187983 
12 	 -19.536483600374595 
13 	 -19.674437818634335 
14 	 -19.612783071144687 
15 	 -19.536483600374595 
16 	 -19.742827816187983 
17 	 -19.612783071144687 
18 	 -19.674437818634335 
19 	 -19.436929181346244 
20 	 -19.766712987612287 
21 	 -19.612783071144687 
22 	 -19.674437818634335 
23 	 -19.766712987612287 
24 	 -19.436929181346244 
25 	 -19.730953715304565 
26 	 -19.56795172100646 
27 	 -19.49870020681165 
28 	 -19.74561886469525 
29 	 -19.69007343933415 
30 	 -19.59504859073581 
31 	 -19.507053636080013 
32 	 -19.781325146287596 
33 	 -19.766712987612287 
34 	 -19.436929181346244 
35 	 -19.733385808787308 
36 	 -19.567349723971358 
37 	 -19.730577236403537 
38 	 -19.520408594092387 
39 	 -19.494339373726593 
40 	 -19.74636415992656 
41 	 -19.70690060017749 
42 	 -19.56995379502555 
43 	 -19.674437818634335 
44 	 -19.612783071144687 
45 	 -19.742827816187983 
46 	 -19.536483600374595 
47 	 -19.49870020681165 
48 	 -19.74561886469525 
49 	 -19.70690060017749 
50 	 -19.56995379502555 
51 	 -19.71753068441253 
52 	 -19.540388053561532 
53 	 -19.838067653280213 
54 	 -19.741727718701995 
55 	 -19.79851677922396 
56 	 -19.878023036693975 
57 	 -19.88920532685522 
58 	 -19.83234276849387 
59 	 -19.88339199508411 
60 	 -19.855151682575993 
61 	 -19.937153494289795 
62 	 -19.86010211898614 
63 	 -19.957232500700343 
64 	 -19.87851731845188 
65 	 -19.89111898443402 
66 	 -19.99929976372896 
67 	 -19.93242792251433 
68 	 -20.03811104342236 
69 	 -19.956389141493798 
70 	 -20.091502961690495 
71 	 -20.0092145629567 
72 	 -20.152564179956414 
73 	 -20.08309791844162 
74 	 -20.203088512725323 
75 	 -20.24420983734339 
76 	 -20.12441895560888 
77 	 -20.154975703447885 
78 	 -20.28209960247596 
79 	 -20.30382654990028 
80 	 -20.19699037829168 
81 	 -20.28636146318667 
82 	 -20.290329338576335 
83 	 -20.241030661860215 
84 	 -20.308408131899913 
85 	 -20.292083648100203 
86 	 -20.28067171461916 
87 	 -20.267048952816523 
88 	 -20.328979792176163 
89 	 -20.276799842915846 
90 	 -20.297920988313958 
91 	 -20.303913678925543 
92 	 -20.283841310162497 
93 	 -20.303814486568605 
94 	 -20.322106865347532 
95 	 -20.282922969715425 
96 	 -20.328045101323053 
97 	 -20.308837048819207 
98 	 -20.31176918849684 
99 	 -20.31342202568319 
100 	 -20.309054727942428 
101 	 -20.310871826841982 
102 	 -20.297183943667882 
103 	 -20.2916927443718 
104 	 -20.32366340880744 
105 	 -20.308732894626672 
106 	 -20.328421774506467 
107 	 -20.322424719928023 
108 	 -20.311684689191306 
109 	 -20.32437952539303 
110 	 -20.297553214449092 
111 	 -20.32902059111869 
112 	 -20.300068856119214 
113 	 -20.289115321307087 
114 	 -20.31035535984365 
115 	 -20.30290638492431 
116 	 -20.306495965393236 
117 	 -20.322509435680917 
118 	 -20.31630794335687 
119 	 -20.302982500248902 
120 	 -20.326818680550186 
121 	 -20.304380970461686 
122 	 -20.331509690665992 
123 	 -20.31094969098958 
124 	 -20.31823229833752 
125 	 -20.30571049093655 
126 	 -20.33819214358568 
127 	 -20.318531443528855 
128 	 -20.3336628391259 
129 	 -20.344323132566302 
130 	 -20.306522339361514 
131 	 -20.313564390025412 
132 	 -20.348850520911945 
133 	 -20.324194238005276 
134 	 -20.338884194146466 
135 	 -20.32037210757967 
136 	 -20.345414630528424 
137 	 -20.33129364861711 
138 	 -20.32128942755065 
139 	 -20.315153378420234 
140 	 -20.345108724511004 
141 	 -20.31794338378453 
142 	 -20.345019031042444 
143 	 -20.349931661139813 
144 	 -20.316710834066534 
145 	 -20.34185449764219 
146 	 -20.297979212459687 
147 	 -20.34206592221036 
148 	 -20.329056277218285 
149 	 -20.31981535616856 
150 	 -20.344983427543585 
151 	 -20.340600010585543 
152 	 -20.332737270137272 
153 	 -20.333967446824875 
154 	 -20.34802750205441 
155 	 -20.34458644373797 
156 	 -20.32296669781826 
157 	 -20.35385388789774 
158 	 -20.33143694610692 
159 	 -20.354114357977156 
160 	 -20.3328577053489 
161 	 -20.33844917872895 
162 	 -20.326434269343345 
163 	 -20.347120968064605 
164 	 -20.325739740663106 
165 	 -20.335836469041208 
166 	 -20.33603165955156 
167 	 -20.326170327710955 
168 	 -20.364788009066572 
169 	 -20.33338319842875 
170 	 -20.350573515734403 
171 	 -20.32916800082635 
172 	 -20.36675619354253 
173 	 -20.345493090103556 
174 	 -20.349358236983644 
175 	 -20.343400356584127 
176 	 -20.356105746717706 
177 	 -20.36397376957419 
178 	 -20.329580079837747 
179 	 -20.361923469270888 
180 	 -20.342336342789277 
181 	 -20.3671024773221 
182 	 -20.337928230181458 
183 	 -20.34087820633289 
184 	 -20.356628398345205 
185 	 -20.33924876171731 
186 	 -20.359843990130997 
187 	 -20.365454094129998 
188 	 -20.336153632132078 
189 	 -20.3604348421256 
190 	 -20.344029011258346 
191 	 -20.336003841112976 
192 	 -20.363044044081718 
193 	 -20.347205642998343 
194 	 -20.35776986427722 
195 	 -20.366474404852404 
196 	 -20.349473844662583 
197 	 -20.33831206848382 
198 	 -20.363812236716996 
199 	 -20.359837967998743 
200 	 -20.326859531098357 
201 	 -20.342913188168453 
202 	 -20.36319004825402 
203 	 -20.348323681498687 
204 	 -20.35485162792367 
205 	 -20.34516606336594 
206 	 -20.367529089672935 
207 	 -20.343453328355782 
208 	 -20.378343422368392 
209 	 -20.35916976654835 
210 	 -20.34518376110774 
211 	 -20.34732779670457 
212 	 -20.37063807928165 
213 	 -20.354031227341856 
214 	 -20.37471451118089 
215 	 -20.36907004491973 
216 	 -20.351541152458914 
217 	 -20.365467934555124 
218 	 -20.330253964130613 
219 	 -20.360162823336427 
220 	 -20.354202326138086 
221 	 -20.349370115838155 
222 	 -20.3816029877669 
223 	 -20.356118051512542 
224 	 -20.379279701125654 
225 	 -20.3780000486161 
226 	 -20.35959172480068 
227 	 -20.34638621186551 
228 	 -20.375007019275372 
229 	 -20.353527537759387 
230 	 -20.378388321806028 
231 	 -20.372227487107367 
232 	 -20.3639784697954 
233 	 -20.35154115234361 
234 	 -20.386444647787386 
235 	 -20.36077033605209 
236 	 -20.38379393041549 
237 	 -20.34909190657308 
238 	 -20.3863472835353 
239 	 -20.38293031908163 
240 	 -20.35809032592838 
241 	 -20.343699134618447 
242 	 -20.37497698829624 
243 	 -20.36091000597066 
244 	 -20.38463483671124 
245 	 -20.375325979044824 
246 	 -20.347287960752247 
247 	 -20.381098905907486 
248 	 -20.367493848929985 
249 	 -20.368178404353532 
250 	 -20.38078667541567 
251 	 -20.38846101345447 
252 	 -20.360168198344798 
253 	 -20.360999460211477 
254 	 -20.382526470273213 
255 	 -20.3739729186388 
256 	 -20.380936256794293 
257 	 -20.388608470673255 
258 	 -20.364352652196374 
259 	 -20.38941288499222 
260 	 -20.36147262345339 
261 	 -20.35540573571778 
262 	 -20.38043074442553 
263 	 -20.3738464852768 
264 	 -20.383240725285756 
265 	 -20.367444316941366 
266 	 -20.39708060807872 
267 	 -20.37691950507401 
268 	 -20.385066251010713 
269 	 -20.38019564120622 
270 	 -20.36557586415457 
271 	 -20.39793306397853 
272 	 -20.364335152434172 
273 	 -20.366909006654325 
274 	 -20.395257312711035 
275 	 -20.362863425524893 
276 	 -20.38276628709624 
277 	 -20.36220082379789 
278 	 -20.38157650787996 
279 	 -20.380721386577175 
280 	 -20.367138631151235 
281 	 -20.398021266669954 
282 	 -20.365086518672815 
283 	 -20.36963794912721 
284 	 -20.39876378917986 
285 	 -20.385060696580524 
286 	 -20.36747772611865 
287 	 -20.37530720842968 
288 	 -20.389694613908283 
289 	 -20.37830470054615 
290 	 -20.389665481541456 
291 	 -20.40526952132117 
292 	 -20.37568953726816 
293 	 -20.371372519100465 
294 	 -20.385057129787803 
295 	 -20.405964823781098 
296 	 -20.377292735887227 
297 	 -20.370401227555146 
298 	 -20.402037362492614 
299 	 -20.405154756982007 
300 	 -20.376556381119535 
301 	 -20.408469124410445 
302 	 -20.381079536682172 
303 	 -20.384040238696826 
304 	 -20.398898756453995 
305 	 -20.391368660628384 
306 	 -20.380398608034472 
307 	 -20.38118259316875 
308 	 -20.390894991573372 
309 	 -20.40626528689123 
310 	 -20.37972240039507 
311 	 -20.373387836540182 
312 	 -20.404761755963566 
313 	 -20.406073694031306 
314 	 -20.38139059838559 
315 	 -20.393349079340958 
316 	 -20.382105734361332 
317 	 -20.403856933742237 
318 	 -20.38782338181727 
319 	 -20.380036339547146 
320 	 -20.390331998680658 
321 	 -20.385071925682475 
322 	 -20.3991865874802 
323 	 -20.41149109275485 
324 	 -20.384963001758585 
325 	 -20.3893027155217 
326 	 -20.404916883473593 
327 	 -20.38314222525693 
328 	 -20.39049401262232 
329 	 -20.409573312529414 
330 	 -20.377602815813447 
331 	 -20.400822513347162 
332 	 -20.388532333610957 
333 	 -20.408947292886904 
334 	 -20.385578025727707 
335 	 -20.391739416069203 
336 	 -20.406962513285123 
337 	 -20.410031571176255 
338 	 -20.38089556395184 
339 	 -20.396074955242163 
340 	 -20.385921217321716 
341 	 -20.40334185674864 
342 	 -20.392178737535637 
343 	 -20.38323631351665 
344 	 -20.41509658028969 
345 	 -20.411627212811045 
346 	 -20.388726066891362 
347 	 -20.385279367560475 
348 	 -20.407919183517585 
349 	 -20.387133804959312 
350 	 -20.4152401925154 
351 	 -20.386962069179994 
352 	 -20.404691648574506 
353 	 -20.39175132311696 
354 	 -20.41525656850635 
355 	 -20.407716957277763 
356 	 -20.39633899399923 
357 	 -20.396920075703413 
358 	 -20.40567331519404 
359 	 -20.420744811127793 
360 	 -20.39269986112241 
361 	 -20.393875012237764 
362 	 -20.423943104077487 
363 	 -20.39532205249638 
364 	 -20.421600924465913 
365 	 -20.42492627413511 
366 	 -20.39624730505295 
367 	 -20.41104073179599 
368 	 -20.398665250164655 
369 	 -20.398839647515363 
370 	 -20.412853168374017 
371 	 -20.425859192094745 
372 	 -20.391059400193797 
373 	 -20.41852367333091 
374 	 -20.399624792599862 
375 	 -20.39541668741213 
376 	 -20.404942785883975 
377 	 -20.399716094540302 
378 	 -20.41652729245139 
379 	 -20.412872903306223 
380 	 -20.395048556629344 
381 	 -20.425974911265914 
382 	 -20.399311301269496 
383 	 -20.41977619972132 
384 	 -20.401623442406667 
385 	 -20.41266728187814 
386 	 -20.395184500933986 
387 	 -20.40275827868961 
388 	 -20.419804091226176 
389 	 -20.39518177906829 
390 	 -20.426315597144324 
391 	 -20.39863454192725 
392 	 -20.410073296614467 
393 	 -20.396706873763044 
394 	 -20.426858368515255 
395 	 -20.397677849192426 
396 	 -20.431252021537308 
397 	 -20.418825293355575 
398 	 -20.39584358141877 
399 	 -20.402482037270843 
400 	 -20.415374915019044 
401 	 -20.429766113217724 
402 	 -20.40357568431893 
403 	 -20.4117192153846 
404 	 -20.402991407107002 
405 	 -20.41132436012081 
406 	 -20.40365296618518 
407 	 -20.416334942822502 
408 	 -20.403481228815902 
409 	 -20.42949886271469 
410 	 -20.401298402347017 
411 	 -20.402857410862183 
412 	 -20.42937467042183 
413 	 -20.401362944833977 
414 	 -20.417761213567957 
415 	 -20.40817381468213 
416 	 -20.428432263413576 
417 	 -20.407270904685475 
418 	 -20.43193170998903 
419 	 -20.410502475527455 
420 	 -20.42423975215711 
421 	 -20.423972617970723 
422 	 -20.4111145608395 
423 	 -20.414930879193477 
424 	 -20.407112448249833 
425 	 -20.40746398744576 
426 	 -20.436438010864315 
427 	 -20.423840717119983 
428 	 -20.40202909061093 
429 	 -20.404864739918494 
430 	 -20.434638095298272 
431 	 -20.40973611468436 
432 	 -20.43820180110637 
433 	 -20.435597660809186 
434 	 -20.407010234587613 
435 	 -20.434230842330365 
436 	 -20.412454210047176 
437 	 -20.41143728972755 
438 	 -20.440474442135816 
439 	 -20.426595638618497 
440 	 -20.418275553339296 
441 	 -20.412362327230788 
442 	 -20.426286141274 
443 	 -20.411085426978957 
444 	 -20.440713118876232 
445 	 -20.412418223696648 
446 	 -20.440834562535784 
447 	 -20.424701562676482 
448 	 -20.424064185299592 
449 	 -20.430917402667717 
450 	 -20.40655515997874 
451 	 -20.436555738332498 
452 	 -20.417082994945428 
453 	 -20.425687612785048 
454 	 -20.42485126671449 
455 	 -20.430472216963295 
456 	 -20.419807745055568 
457 	 -20.41778893155288 
458 	 -20.435755490311415 
459 	 -20.430025778536557 
460 	 -20.421047013581852 
461 	 -20.425875956732582 
462 	 -20.42584683113442 
463 	 -20.444846134442265 
464 	 -20.415016626027736 
465 	 -20.431606365482697 
466 	 -20.422906556569064 
467 	 -20.420471522761556 
468 	 -20.42125899569819 
469 	 -20.431423136216935 
470 	 -20.423239565557658 
471 	 -20.410862682407846 
472 	 -20.431636874213257 
473 	 -20.41778390114864 
474 	 -20.426333407445494 
475 	 -20.418241397702797 
476 	 -20.425947017409595 
477 	 -20.408312803183048 
478 	 -20.436336541895 
479 	 -20.41569655232022 
480 	 -20.434001332800808 
481 	 -20.41923754941629 
482 	 -20.427061186019127 
483 	 -20.413519717675186 
484 	 -20.445147162208276 
485 	 -20.421595552094203 
486 	 -20.426264932911216 
487 	 -20.433314425496523 
488 	 -20.426667419564517 
489 	 -20.44854887273207 
490 	 -20.41826780500125 
491 	 -20.433667590361775 
492 	 -20.419845114357564 
493 	 -20.424675739179055 
494 	 -20.424929520390428 
495 	 -20.445790086747053 
496 	 -20.41667150023671 
497 	 -20.431100599031897 
498 	 -20.420007961844497 
499 	 -20.442850965565423 
500 	 -20.40932858560344 
501 	 -20.411927620928502 
502 	 -20.442225124677286 
503 	 -20.421974353506208 
504 	 -20.451826868575342 
505 	 -20.438147239450124 
506 	 -20.430782586712283 
507 	 -20.42005870027898 
508 	 -20.4594154696302 
509 	 -20.433653332705823 
510 	 -20.43579925187962 
511 	 -20.430221938342488 
512 	 -20.442335673236602 
513 	 -20.428882980545826 
514 	 -20.431327635861408 
515 	 -20.433930411966962 
516 	 -20.426468161217418 
517 	 -20.426375648089348 
518 	 -20.433549444770044 
519 	 -20.45328773615969 
520 	 -20.425462434032845 
521 	 -20.41958066451734 
522 	 -20.45474591611355 
523 	 -20.44365492469592 
524 	 -20.432933295118115 
525 	 -20.429705015454974 
526 	 -20.433538842678814 
527 	 -20.462471599216375 
528 	 -20.4241703947622 
529 	 -20.41923425799774 
530 	 -20.465121228205355 
531 	 -20.421785269410318 
532 	 -20.466124002643117 
533 	 -20.458286312789944 
534 	 -20.427727624713413 
535 	 -20.438766484246724 
536 	 -20.434595724182913 
537 	 -20.430726596905007 
538 	 -20.459595573962037 
539 	 -20.449131717842175 
540 	 -20.439908857934384 
541 	 -20.428396429463195 
542 	 -20.471278506397088 
543 	 -20.44059881882736 
544 	 -20.439345707055185 
545 	 -20.44583593624742 
546 	 -20.436615299595417 
547 	 -20.44694047792944 
548 	 -20.444942514704188 
549 	 -20.46913612897452 
550 	 -20.42789842416176 
551 	 -20.440983132563716 
552 	 -20.442242566646822 
553 	 -20.445794959564353 
554 	 -20.446676467593377 
555 	 -20.446845861339966 
556 	 -20.436063607130063 
557 	 -20.46367981797297 
558 	 -20.432287278720597 
559 	 -20.47634946955455 
560 	 -20.43148448259323 
561 	 -20.45508576618987 
562 	 -20.445744495774 
563 	 -20.47540508927144 
564 	 -20.431020794093136 
565 	 -20.451773459691 
566 	 -20.4492599313645 
567 	 -20.43896033220898 
568 	 -20.471579735863884 
569 	 -20.448290603032305 
570 	 -20.45786195287466 
571 	 -20.47218377181486 
572 	 -20.440252767384116 
573 	 -20.48161449616753 
574 	 -20.436744660147422 
575 	 -20.454358529529994 
576 	 -20.45651189267688 
577 	 -20.448565402029697 
578 	 -20.45059970435574 
579 	 -20.473896018742 
580 	 -20.44036964013298 
581 	 -20.461778455460674 
582 	 -20.45161062054186 
583 	 -20.473231932374624 
584 	 -20.42653505751293 
585 	 -20.456012625375323 
586 	 -20.44925230659235 
587 	 -20.456033365601485 
588 	 -20.448681272993888 
589 	 -20.475455588174846 
590 	 -20.444091462686714 
591 	 -20.463389915525784 
592 	 -20.455288401201642 
593 	 -20.440946322308 
594 	 -20.487973522730467 
595 	 -20.442963273302777 
596 	 -20.480146407364135 
597 	 -20.47049610478117 
598 	 -20.44004053807173 
599 	 -20.467233441108245 
600 	 -20.458543252562862 
601 	 -20.448470343831872 
602 	 -20.480226300341876 
603 	 -20.444996957239276 
604 	 -20.492974621539986 
605 	 -20.457590557208803 
606 	 -20.45945678555752 
607 	 -20.485854650937558 
608 	 -20.44662418425148 
609 	 -20.457409260438222 
610 	 -20.46185968362037 
611 	 -20.46894366765579 
612 	 -20.4616723158744 
613 	 -20.463899677112384 
614 	 -20.458514865582348 
615 	 -20.45595751373134 
616 	 -20.46801920906434 
617 	 -20.4565340322463 
618 	 -20.4675890794136 
619 	 -20.457055908121827 
620 	 -20.46718531921776 
621 	 -20.470889137888435 
622 	 -20.463968449414754 
623 	 -20.463165860875474 
624 	 -20.45694500622365 
625 	 -20.470703189476712 
626 	 -20.46426686463781 
627 	 -20.470580092907248 
628 	 -20.46446191398973 
629 	 -20.485626499790435 
630 	 -20.45230084424006 
631 	 -20.43892532738968 
632 	 -20.484312130890288 
633 	 -20.499661884342395 
634 	 -20.450482069787682 
635 	 -20.47791365242991 
636 	 -20.45221242374512 
637 	 -20.445976616769126 
638 	 -20.505699168650136 
639 	 -20.507614815539828 
640 	 -20.44958028186354 
641 	 -20.47406238168739 
642 	 -20.481910791162832 
643 	 -20.467208327155554 
644 	 -20.47811315089944 
645 	 -20.508982933047015 
646 	 -20.45737727441313 
647 	 -20.46984036672414 
648 	 -20.47556188069023 
649 	 -20.47669085798356 
650 	 -20.47234409021717 
651 	 -20.47653908099484 
652 	 -20.472566443318364 
653 	 -20.480735032133964 
654 	 -20.469028553457726 
655 	 -20.47258076845081 
656 	 -20.47682956423663 
657 	 -20.475626949174575 
658 	 -20.47019810050253 
659 	 -20.46901983239566 
660 	 -20.481381181197886 
661 	 -20.480955325003244 
662 	 -20.46960953962148 
663 	 -20.47220892900725 
664 	 -20.477667456575098 
665 	 -20.46360395397019 
666 	 -20.50074062632987 
667 	 -20.485769759767933 
668 	 -20.47796479849228 
669 	 -20.460861111173656 
670 	 -20.512829629386832 
671 	 -20.48077998617863 
672 	 -20.486612445545855 
673 	 -20.48442167434668 
674 	 -20.472689031467905 
675 	 -20.5043358879979 
676 	 -20.469888730874924 
677 	 -20.51792023696691 
678 	 -20.458631604902727 
679 	 -20.487634643893003 
680 	 -20.477274257078143 
681 	 -20.479996500495147 
682 	 -20.492238180845913 
683 	 -20.462584556475353 
684 	 -20.519647298286227 
685 	 -20.489718956820777 
686 	 -20.479513924838592 
687 	 -20.471950379415897 
688 	 -20.512408048550757 
689 	 -20.490487791618385 
690 	 -20.481605199685728 
691 	 -20.482142851303372 
692 	 -20.490981166968236 
693 	 -20.4562385528592 
694 	 -20.51291200604903 
695 	 -20.46725071036649 
696 	 -20.527787099584753 
697 	 -20.519910646475186 
698 	 -20.480369315568787 
699 	 -20.48212801644569 
700 	 -20.520482808951108 
701 	 -20.48958746158459 
702 	 -20.497415692823573 
703 	 -20.504483752465426 
704 	 -20.495147826715268 
705 	 -20.486192036774053 
706 	 -20.497121814036163 
707 	 -20.519743703942623 
708 	 -20.464657513993814 
709 	 -20.526251693336146 
710 	 -20.479250195666808 
711 	 -20.476080354295796 
712 	 -20.53502820419112 
713 	 -20.50169918602672 
714 	 -20.49974585960352 
715 	 -20.48401023088399 
716 	 -20.530177391589056 
717 	 -20.531180515924895 
718 	 -20.490210294527365 
719 	 -20.48289412921767 
720 	 -20.52007270396243 
721 	 -20.546466235615792 
722 	 -20.480227971600907 
723 	 -20.536594440560503 
724 	 -20.495821329719988 
725 	 -20.547367224409836 
726 	 -20.48584924998711 
727 	 -20.508988063703562 
728 	 -20.521804364673983 
729 	 -20.520541374101 
730 	 -20.51331020531359 
731 	 -20.510887617588303 
732 	 -20.5248968774151 
733 	 -20.495160121149297 
734 	 -20.54229015919497 
735 	 -20.500486342817318 
736 	 -20.541227812976512 
737 	 -20.507877589734683 
738 	 -20.523718447266894 
739 	 -20.50621999224115 
740 	 -20.51936667231891 
741 	 -20.556934717889092 
742 	 -20.49152062863308 
743 	 -20.50416750997686 
744 	 -20.55001609041569 
745 	 -20.5337029617473 
746 	 -20.5184338985974 
747 	 -20.523438209405697 
748 	 -20.529050294384792 
749 	 -20.486273803057873 
750 	 -20.54982078488272 
751 	 -20.514706226327476 
752 	 -20.53326363608849 
753 	 -20.50588935608173 
754 	 -20.554315995761137 
755 	 -20.567307865332552 
756 	 -20.500578631390663 
757 	 -20.53652768013025 
758 	 -20.532319941079635 
759 	 -20.56940483098004 
760 	 -20.50479976022086 
761 	 -20.516972864459888 
762 	 -20.55913478643815 
763 	 -20.533910243421836 
764 	 -20.541397152160076 
765 	 -20.565819278920042 
766 	 -20.517183599248014 
767 	 -20.534680642815072 
768 	 -20.53173066843851 
769 	 -20.53842098354656 
770 	 -20.54298986800177 
771 	 -20.505581192757926 
772 	 -20.558564438948824 
773 	 -20.52166236419825 
774 	 -20.565950641278107 
775 	 -20.523893521309272 
776 	 -20.566412243171 
777 	 -20.546119019962884 
778 	 -20.544614009830894 
779 	 -20.54303530170163 
780 	 -20.536416062924967 
781 	 -20.514403142800475 
782 	 -20.5818119496471 
783 	 -20.565323344142357 
784 	 -20.51497832036694 
785 	 -20.554664592183855 
786 	 -20.540887172436722 
787 	 -20.55401050547426 
788 	 -20.536989220355682 
789 	 -20.57204345273708 
790 	 -20.53155934673391 
791 	 -20.53870003642458 
792 	 -20.555140803954174 
793 	 -20.551794505091127 
794 	 -20.55259968507664 
795 	 -20.544018003978547 
796 	 -20.555053790315572 
797 	 -20.54667556481343 
798 	 -20.54382474378671 
799 	 -20.567676203248222 
800 	 -20.519996320128367 
801 	 -20.55435755026944 
802 	 -20.55327593409676 
803 	 -20.543764120363207 
804 	 -20.550225045541865 
805 	 -20.55330235384887 
806 	 -20.554444017249505 
807 	 -20.52151447440532 
808 	 -20.591944157947424 
809 	 -20.55130547814272 
810 	 -20.549302543415386 
811 	 -20.589419768284813 
812 	 -20.527876297869998 
813 	 -20.573630190851176 
814 	 -20.547033310339103 
815 	 -20.528766821774255 
816 	 -20.597951049852565 
817 	 -20.551237913996037 
818 	 -20.5773594318743 
819 	 -20.53349944839057 
820 	 -20.600687828997387 
821 	 -20.60036014537163 
822 	 -20.53770400824454 
823 	 -20.54305836157578 
824 	 -20.603492810293304 
825 	 -20.575250158355388 
826 	 -20.56581883914964 
827 	 -20.56618197001385 
828 	 -20.57502021494713 
829 	 -20.564556366867933 
830 	 -20.56696389152315 
831 	 -20.56220031517507 
832 	 -20.574069114639276 
833 	 -20.560326734692577 
834 	 -20.58704174450637 
835 	 -20.58692080124758 
836 	 -20.561437862451406 
837 	 -20.543849410558593 
838 	 -20.607398969306914 
839 	 -20.577568737645002 
840 	 -20.56643489079483 
841 	 -20.60165077987203 
842 	 -20.55499043965689 
843 	 -20.599650415561026 
844 	 -20.540437187259204 
845 	 -20.601683347650066 
846 	 -20.56261321204688 
847 	 -20.619964760125853 
848 	 -20.549573865229263 
849 	 -20.547023977473646 
850 	 -20.63266359275521 
851 	 -20.582619468744117 
852 	 -20.59622604762357 
853 	 -20.592451025527726 
854 	 -20.579400184198793 
855 	 -20.613392584539053 
856 	 -20.571233513759175 
857 	 -20.595733907677438 
858 	 -20.571553606025155 
859 	 -20.584924328397882 
860 	 -20.58537598980148 
861 	 -20.593518818220346 
862 	 -20.586833112607355 
863 	 -20.583608305166134 
864 	 -20.599059825372006 
865 	 -20.569282461122278 
866 	 -20.618891611511152 
867 	 -20.591493214903164 
868 	 -20.598303796256996 
869 	 -20.556897084335308 
870 	 -20.61489111361216 
871 	 -20.57802211467445 
872 	 -20.617838295282382 
873 	 -20.569158225801047 
874 	 -20.63206471511449 
875 	 -20.57012490022619 
876 	 -20.633461969069472 
877 	 -20.564306915267377 
878 	 -20.650522739773148 
879 	 -20.630046746445995 
880 	 -20.589399916399124 
881 	 -20.5998411120626 
882 	 -20.604710090976017 
883 	 -20.605343593217718 
884 	 -20.604840860619937 
885 	 -20.638572292121225 
886 	 -20.58368275313356 
887 	 -20.61645490840732 
888 	 -20.60797248401993 
889 	 -20.572698797643405 
890 	 -20.658845042758895 
891 	 -20.618710645702286 
892 	 -20.59803569467142 
893 	 -20.580534978408867 
894 	 -20.658569884500913 
895 	 -20.66102800556196 
896 	 -20.58596577448558 
897 	 -20.62892559690058 
898 	 -20.616716337032734 
899 	 -20.617664362882756 
900 	 -20.623791149179713 
901 	 -20.612496258593694 
902 	 -20.62879718420617 
903 	 -20.620233285753194 
904 	 -20.614414509406878 
905 	 -20.660057760415157 
906 	 -20.593737793588748 
907 	 -20.615822738712875 
908 	 -20.631909848679935 
909 	 -20.598151370338197 
910 	 -20.66174060507506 
911 	 -20.652674600978347 
912 	 -20.6128339882981 
913 	 -20.63612098856199 
914 	 -20.619776801972787 
915 	 -20.68264299718441 
916 	 -20.590528888462735 
917 	 -20.627983540148115 
918 	 -20.632457237981527 
919 	 -20.600541445670515 
920 	 -20.658939916143307 
921 	 -20.688745989980404 
922 	 -20.599985858283592 
923 	 -20.643452067028417 
924 	 -20.64040732417048 
925 	 -20.638398837235943 
926 	 -20.63736081074493 
927 	 -20.637414256294186 
928 	 -20.63835377925614 
929 	 -20.608765503814826 
930 	 -20.686912742761557 
931 	 -20.643689361220456 
932 	 -20.653450424745202 
933 	 -20.674224797029456 
934 	 -20.629371242790896 
935 	 -20.63158178708994 
936 	 -20.654714720877106 
937 	 -20.64277181053231 
938 	 -20.644377799656453 
939 	 -20.64534404133703 
940 	 -20.65388806442226 
941 	 -20.64613821904771 
942 	 -20.659279486006636 
943 	 -20.64656808070485 
944 	 -20.659085396809637 
945 	 -20.64747557086142 
946 	 -20.648794221231707 
947 	 -20.688818285291596 
948 	 -20.621348100587714 
949 	 -20.609847355718035 
950 	 -20.68395970063249 
951 	 -20.64434359854846 
952 	 -20.675061511505703 
953 	 -20.704598949801554 
954 	 -20.620863728942076 
955 	 -20.707758208366172 
956 	 -20.62683972142195 
957 	 -20.641483125744934 
958 	 -20.700723303417718 
959 	 -20.68428094981936 
960 	 -20.64011243449565 
961 	 -20.637712176392153 
962 	 -20.709167428703626 
963 	 -20.648565046355408 
964 	 -20.70731679406942 
965 	 -20.71876291171 
966 	 -20.642515756898334 
967 	 -20.668017335018977 
968 	 -20.688337936808033 
969 	 -20.690738588395064 
970 	 -20.668766384154367 
971 	 -20.647661012397496 
972 	 -20.722395146841457 
973 	 -20.6496866223729 
974 	 -20.705966295033335 
975 	 -20.662401443044413 
976 	 -20.716826888273292 
977 	 -20.673055329788667 
978 	 -20.690024295859235 
979 	 -20.689319032234234 
980 	 -20.673987860330037 
981 	 -20.675063500581224 
982 	 -20.698997598348186 
983 	 -20.687454521064325 
984 	 -20.690431522536386 
985 	 -20.68755443723809 
986 	 -20.69035180469286 
987 	 -20.693710333685164 
988 	 -20.689194443942938 
989 	 -20.66599427195127 
990 	 -20.718728739770217 
991 	 -20.66666597867694 
992 	 -20.72309400359737 
993 	 -20.703551919663184 
994 	 -20.68132291574275 
995 	 -20.659401803644453 
996 	 -20.734286917464296 
997 	 -20.6855142834622 
998 	 -20.707247810240148 
999 	 -20.735493183453887 
1000 	 -20.664803036824118 
1001 	 -20.701031161992333 
1002 	 -20.69957875765299 
1003 	 -20.669516503160956 
1004 	 -20.737030531920926 
1005 	 -20.69545220316396 
1006 	 -20.71020480479017 
1007 	 -20.676454474836593 
1008 	 -20.7388369575092 
1009 	 -20.680165229317808 
1010 	 -20.74008569629771 
1011 	 -20.750953810856007 
1012 	 -20.674323253032593 
1013 	 -20.743785969259633 
1014 	 -20.688617509914895 
1015 	 -20.699861193798554 
1016 	 -20.714400717714767 
1017 	 -20.755620394965327 
1018 	 -20.680261546125603 
1019 	 -20.70507742645434 
1020 	 -20.728433327603927 
1021 	 -20.757437460958368 
1022 	 -20.686271621253287 
1023 	 -20.683992850952855 
1024 	 -20.74643845240897 
1025 	 -20.71393595827639 
1026 	 -20.7399468996159 
1027 	 -20.72980076816083 
1028 	 -20.72446100019397 
1029 	 -20.76413232188403 
1030 	 -20.691833299535386 
1031 	 -20.741087666863905 
1032 	 -20.713738474269526 
1033 	 -20.728247756171783 
1034 	 -20.71523941970527 
1035 	 -20.758788280749908 
1036 	 -20.705076976188654 
1037 	 -20.728222910715754 
1038 	 -20.73190517313973 
1039 	 -20.718476978203316 
1040 	 -20.739595364879694 
1041 	 -20.697788830827957 
1042 	 -20.769359553610432 
1043 	 -20.734036949383636 
1044 	 -20.733126580591552 
1045 	 -20.732937014151045 
1046 	 -20.72202509045221 
1047 	 -20.746205891438905 
1048 	 -20.707478616216335 
1049 	 -20.76787912556603 
1050 	 -20.709629197683896 
1051 	 -20.703802844721924 
1052 	 -20.777312847578884 
1053 	 -20.70815366063168 
1054 	 -20.77852611008719 
1055 	 -20.73066559399313 
1056 	 -20.76237903700546 
1057 	 -20.733097979978425 
1058 	 -20.742714780262546 
1059 	 -20.76221011298158 
1060 	 -20.732186356793722 
1061 	 -20.742916056095158 
1062 	 -20.752092227031596 
1063 	 -20.733686325834736 
1064 	 -20.76196305415563 
1065 	 -20.792809605467575 
1066 	 -20.702231756607883 
1067 	 -20.761160268966428 
1068 	 -20.73931714582971 
1069 	 -20.75199915432552 
1070 	 -20.749270245484603 
1071 	 -20.784431983840026 
1072 	 -20.725481200518942 
1073 	 -20.725447327289945 
1074 	 -20.766410844491343 
1075 	 -20.79509547010315 
1076 	 -20.720847010090417 
1077 	 -20.761212524722755 
1078 	 -20.753563399323276 
1079 	 -20.73250226702677 
1080 	 -20.76859154936721 
1081 	 -20.735129727648083 
1082 	 -20.767690136101077 
1083 	 -20.72644672105464 
1084 	 -20.797599832482483 
1085 	 -20.73117607108263 
1086 	 -20.79899693106633 
1087 	 -20.81391211780687 
1088 	 -20.72009790008605 
1089 	 -20.790699950783715 
1090 	 -20.746508284696983 
1091 	 -20.773284129091845 
1092 	 -20.769699034774863 
1093 	 -20.75834784451434 
1094 	 -20.784064797405115 
1095 	 -20.78161596743153 
1096 	 -20.768698093131214 
1097 	 -20.783609581576425 
1098 	 -20.759720842942066 
1099 	 -20.76230392676517 
1100 	 -20.76731699231199 
1101 	 -20.761826492641074 
1102 	 -20.79011704938672 
1103 	 -20.7397493996075 
1104 	 -20.814319223803956 
1105 	 -20.787887567249072 
1106 	 -20.76418838736118 
1107 	 -20.814479125849456 
1108 	 -20.745990015284864 
1109 	 -20.77378539190765 
1110 	 -20.769990062237845 
1111 	 -20.776818898662917 
1112 	 -20.789131682377835 
1113 	 -20.77742932334809 
1114 	 -20.78223682561086 
1115 	 -20.813768168960483 
1116 	 -20.754714209370555 
1117 	 -20.81464607572919 
1118 	 -20.758086205838534 
1119 	 -20.796066211003463 
1120 	 -20.77134340757627 
1121 	 -20.788606793461593 
1122 	 -20.780352995684723 
1123 	 -20.753241461535854 
1124 	 -20.82355491240628 
1125 	 -20.819650634659578 
1126 	 -20.763646035335874 
1127 	 -20.779541352634336 
1128 	 -20.788157230960717 
1129 	 -20.757532151732782 
1130 	 -20.82932916731246 
1131 	 -20.797286198506214 
1132 	 -20.78812802455797 
1133 	 -20.791522877590076 
1134 	 -20.800536940704358 
1135 	 -20.78134931264986 
1136 	 -20.803615069817557 
1137 	 -20.832109812270783 
1138 	 -20.761891854901837 
1139 	 -20.775590940659296 
1140 	 -20.81267185325602 
1141 	 -20.80390334074592 
1142 	 -20.79674987233979 
1143 	 -20.791442123040653 
1144 	 -20.802780758891448 
1145 	 -20.767784868165215 
1146 	 -20.812360915292345 
1147 	 -20.812892647167935 
1148 	 -20.790966704417666 
1149 	 -20.82867174130921 
1150 	 -20.776965879851705 
1151 	 -20.775811779929818 
1152 	 -20.833045823185607 
1153 	 -20.841268372334618 
1154 	 -20.770282172028143 
1155 	 -20.773962883040674 
1156 	 -20.844428635871523 
1157 	 -20.77504932658232 
1158 	 -20.830835071538637 
1159 	 -20.847024774299232 
1160 	 -20.780132197287635 
1161 	 -20.832298089194985 
1162 	 -20.783037049901047 
1163 	 -20.793948967134057 
1164 	 -20.84231183286499 
1165 	 -20.806221210081855 
1166 	 -20.825588957633457 
1167 	 -20.849155838408205 
1168 	 -20.78914024291211 
1169 	 -20.8574435904831 
1170 	 -20.786049869648014 
1171 	 -20.797684092911073 
1172 	 -20.85301111179948 
1173 	 -20.830145758987197 
1174 	 -20.80270774319541 
1175 	 -20.833125570746578 
1176 	 -20.820631043278937 
1177 	 -20.804729958620232 
1178 	 -20.82934565831062 
1179 	 -20.847799832883375 
1180 	 -20.79723182083296 
1181 	 -20.861919557906678 
1182 	 -20.796155087655272 
1183 	 -20.814187419896832 
1184 	 -20.826350391308157 
1185 	 -20.850080371096077 
1186 	 -20.80322015489862 
1187 	 -20.817374439814067 
1188 	 -20.825649102835406 
1189 	 -20.86458879687521 
1190 	 -20.801676701397152 
1191 	 -20.803983191170396 
1192 	 -20.867039913154628 
1193 	 -20.828520626436507 
1194 	 -20.84013598516009 
1195 	 -20.854548392867382 
1196 	 -20.81105333731278 
1197 	 -20.79630006516847 
1198 	 -20.875876923984425 
1199 	 -20.830187465622974 
1200 	 -20.831342605506165 
1201 	 -20.831293319106354 
1202 	 -20.830264709203306 
1203 	 -20.877504731606038 
1204 	 -20.809104872294522 
1205 	 -20.81488530542764 
1206 	 -20.876550406296047 
1207 	 -20.880971306338004 
1208 	 -20.815584457628432 
1209 	 -20.824944567616015 
1210 	 -20.87781313974009 
1211 	 -20.882751524121428 
1212 	 -20.814334707906987 
1213 	 -20.82511366267571 
1214 	 -20.88489194704682 
1215 	 -20.87520245794369 
1216 	 -20.822776404950588 
1217 	 -20.869476163889882 
1218 	 -20.83720224823269 
1219 	 -20.840042228460025 
1220 	 -20.852795492383063 
1221 	 -20.845049901829825 
1222 	 -20.868356357609564 
1223 	 -20.88851863912779 
1224 	 -20.83148700979172 
1225 	 -20.877455821048482 
1226 	 -20.829923470357855 
1227 	 -20.874936471818742 
1228 	 -20.8457056893699 
1229 	 -20.873691593462716 
1230 	 -20.842477522197857 
1231 	 -20.891793377293194 
1232 	 -20.82816953380677 
1233 	 -20.89250203790493 
1234 	 -20.84223906474877 
1235 	 -20.86722089898648 
1236 	 -20.851712477622115 
1237 	 -20.841262300093057 
1238 	 -20.896880390111974 
1239 	 -20.83711322752296 
1240 	 -20.881607550211235 
1241 	 -20.880590623420336 
1242 	 -20.84057947356289 
1243 	 -20.859708146742264 
1244 	 -20.878814786795836 
1245 	 -20.857317336619488 
1246 	 -20.862091053813543 
1247 	 -20.861870885570486 
1248 	 -20.857624262057584 
1249 	 -20.857896323202382 
1250 	 -20.86167503406517 
1251 	 -20.902218688088812 
1252 	 -20.83435188661069 
1253 	 -20.902573680660606 
1254 	 -20.846936121474492 
1255 	 -20.864265009718466 
1256 	 -20.884045710283388 
1257 	 -20.865323852743554 
1258 	 -20.881417297484056 
1259 	 -20.90431291737529 
1260 	 -20.84148108367141 
1261 	 -20.89145540496773 
1262 	 -20.869518182734545 
1263 	 -20.890482703491866 
1264 	 -20.86406316653862 
1265 	 -20.865145647601583 
1266 	 -20.878599267266097 
1267 	 -20.865068519100237 
1268 	 -20.89040022360306 
1269 	 -20.879042982907823 
1270 	 -20.865745862812595 
1271 	 -20.857425617051494 
1272 	 -20.905847907612106 
1273 	 -20.885222085818405 
1274 	 -20.871793286659102 
1275 	 -20.85306478969907 
1276 	 -20.911867795779916 
1277 	 -20.860565600219456 
1278 	 -20.90850679709886 
1279 	 -20.857806669433067 
1280 	 -20.913720850812165 
1281 	 -20.860958274991305 
1282 	 -20.914087899064295 
1283 	 -20.877873078842356 
1284 	 -20.901303286256468 
1285 	 -20.90987101586247 
1286 	 -20.85942986992832 
1287 	 -20.91419220096816 
1288 	 -20.868313516906113 
1289 	 -20.878407387966412 
1290 	 -20.89459232474982 
1291 	 -20.85406266736171 
1292 	 -20.908860376875424 
1293 	 -20.88403881298018 
1294 	 -20.896306068124563 
1295 	 -20.900931356058297 
1296 	 -20.882158444025414 
1297 	 -20.876136310258197 
1298 	 -20.895958288835356 
1299 	 -20.88294778362227 
1300 	 -20.908178766655464 
1301 	 -20.907985554873882 
1302 	 -20.883895632824895 
1303 	 -20.88478388904295 
1304 	 -20.9077861296394 
1305 	 -20.922388946684467 
1306 	 -20.868090477867653 
1307 	 -20.90847043385272 
1308 	 -20.888224450987046 
1309 	 -20.874844773105274 
1310 	 -20.920795422049448 
1311 	 -20.912161036523717 
1312 	 -20.86382782928311 
1313 	 -20.88580395404156 
1314 	 -20.898189255798822 
1315 	 -20.921291324740846 
1316 	 -20.869100421953345 
1317 	 -20.928374852400207 
1318 	 -20.876488020930854 
1319 	 -20.91497621014901 
1320 	 -20.870199753360346 
1321 	 -20.880826297773872 
1322 	 -20.929136937993064 
1323 	 -20.91179387030201 
1324 	 -20.89470256669312 
1325 	 -20.917861763290677 
1326 	 -20.8793326815004 
1327 	 -20.91691002930001 
1328 	 -20.898579226917523 
1329 	 -20.89096455320798 
1330 	 -20.9180300142833 
1331 	 -20.914257437805766 
1332 	 -20.88940908321113 
1333 	 -20.900229705979672 
1334 	 -20.91730021604412 
1335 	 -20.919704874918885 
1336 	 -20.88151391506469 
1337 	 -20.918990082968644 
1338 	 -20.883987540664783 
1339 	 -20.914498648771456 
1340 	 -20.89938024460264 
1341 	 -20.931207794408802 
1342 	 -20.886712882764446 
1343 	 -20.92273429937468 
1344 	 -20.89375964060637 
1345 	 -20.91823387688441 
1346 	 -20.883127733735577 
1347 	 -20.90196363557176 
1348 	 -20.89611800398056 
1349 	 -20.934556702319284 
1350 	 -20.879092019869148 
1351 	 -20.897455855881354 
1352 	 -20.924917307211235 
1353 	 -20.89296116790819 
1354 	 -20.935659837295102 
1355 	 -20.907472400292857 
1356 	 -20.896659719836197 
1357 	 -20.89309502816491 
1358 	 -20.938089896077145 
1359 	 -20.904044133292807 
1360 	 -20.921160773558636 
1361 	 -20.925126100668184 
1362 	 -20.893717131073867 
1363 	 -20.92897236497364 
1364 	 -20.90025332389434 
1365 	 -20.928525693053924 
1366 	 -20.901545790920913 
1367 	 -20.90929415701715 
1368 	 -20.900872869674323 
1369 	 -20.90261165952252 
1370 	 -20.928244735864595 
1371 	 -20.91225883606513 
1372 	 -20.92643538161696 
1373 	 -20.89707077613285 
1374 	 -20.940627048630738 
1375 	 -20.928632606874608 
1376 	 -20.896308518164506 
1377 	 -20.92710998818597 
1378 	 -20.902001412385378 
1379 	 -20.905363694880993 
1380 	 -20.93046832905189 
1381 	 -20.89075938633886 
1382 	 -20.940429807733928 
1383 	 -20.907083369288493 
1384 	 -20.926015365587062 
1385 	 -20.89750738609287 
1386 	 -20.933297594374224 
1387 	 -20.941996442797386 
1388 	 -20.903046489481817 
1389 	 -20.941376882084747 
1390 	 -20.895636690031168 
1391 	 -20.910964946610438 
1392 	 -20.928003530870086 
1393 	 -20.935894991562662 
1394 	 -20.900948972167974 
1395 	 -20.90309446812072 
1396 	 -20.935208603402305 
1397 	 -20.917249565747106 
1398 	 -20.931548952547654 
1399 	 -20.911422167845657 
1400 	 -20.930695580338988 
1401 	 -20.949710800805086 
1402 	 -20.90571137638056 
1403 	 -20.92094510567914 
1404 	 -20.909013670350337 
1405 	 -20.9003692938346 
1406 	 -20.944643573136304 
1407 	 -20.918669446133844 
1408 	 -20.92485781095241 
1409 	 -20.937225208582124 
1410 	 -20.900279661021244 
1411 	 -20.93409970370871 
1412 	 -20.9145764364544 
1413 	 -20.910060088574603 
1414 	 -20.95099905072286 
1415 	 -20.937127055332745 
1416 	 -20.927511356294957 
1417 	 -20.921957855183145 
1418 	 -20.925684392900912 
1419 	 -20.925551586131586 
1420 	 -20.922133166299716 
1421 	 -20.91858461748565 
1422 	 -20.936524549019516 
1423 	 -20.913176014418035 
1424 	 -20.950235450622834 
1425 	 -20.906676696939876 
1426 	 -20.956560689458207 
1427 	 -20.9258881238603 
1428 	 -20.93681371383431 
1429 	 -20.941957347993927 
1430 	 -20.926001524398327 
1431 	 -20.93641432397127 
1432 	 -20.91974593241729 
1433 	 -20.912298558523105 
1434 	 -20.942143703471736 
1435 	 -20.91585709647544 
1436 	 -20.927025274483682 
1437 	 -20.937666034550638 
1438 	 -20.919927717254343 
1439 	 -20.914094374524602 
1440 	 -20.94187345479333 
1441 	 -20.91551619271616 
1442 	 -20.955102531776543 
1443 	 -20.95501733633958 
1444 	 -20.917306967488845 
1445 	 -20.94200200862884 
1446 	 -20.924207000296832 
1447 	 -20.919424305274497 
1448 	 -20.955021083545724 
1449 	 -20.930185909422573 
1450 	 -20.940708906020728 
1451 	 -20.930671838455112 
1452 	 -20.930461832913902 
1453 	 -20.91256413312541 
1454 	 -20.96150048784233 
1455 	 -20.94794280141561 
1456 	 -20.92520233532964 
1457 	 -20.93252870617928 
1458 	 -20.946767507202807 
1459 	 -20.945030631352996 
1460 	 -20.936209572669004 
1461 	 -20.954819681296836 
1462 	 -20.922552892728707 
1463 	 -20.923962772889553 
1464 	 -20.954558916860847 
1465 	 -20.92336231751809 
1466 	 -20.958129304770946 
1467 	 -20.92722595195754 
1468 	 -20.943920615288917 
1469 	 -20.926770029549026 
1470 	 -20.954468697354287 
1471 	 -20.95042775862248 
1472 	 -20.928321306043966 
1473 	 -20.922396617196586 
1474 	 -20.935675063632658 
1475 	 -20.936831003034996 
1476 	 -20.933197985575966 
1477 	 -20.95479158346935 
1478 	 -20.928016954289927 
1479 	 -20.933183541375406 
1480 	 -20.947929573302073 
1481 	 -20.94212809505965 
1482 	 -20.94585337480125 
1483 	 -20.95098515131724 
1484 	 -20.929448729375775 
1485 	 -20.950568578106513 
1486 	 -20.93031215756504 
1487 	 -20.938890185137364 
1488 	 -20.948198327191317 
1489 	 -20.94609163599757 
1490 	 -20.94303374140411 
1491 	 -20.929431299018752 
1492 	 -20.955577542522924 
1493 	 -20.946037785795337 
1494 	 -20.94389782558654 
1495 	 -20.950595237425166 
1496 	 -20.92965239480866 
1497 	 -20.955971118834576 
1498 	 -20.930275440960592 
1499 	 -20.948541499536237 
1500 	 -20.940631248763022 
1501 	 -20.94632850287086 
1502 	 -20.944902988902143 
1503 	 -20.964746590186632 
1504 	 -20.922049884479105 
1505 	 -20.949555702720453 
1506 	 -20.941717704645285 
1507 	 -20.95268901568042 
1508 	 -20.925012974424224 
1509 	 -20.942385749400767 
1510 	 -20.949754417871233 
1511 	 -20.931275842797994 
1512 	 -20.96049403910353 
1513 	 -20.947405249809734 
1514 	 -20.947771126510347 
1515 	 -20.93936292037813 
1516 	 -20.92726589458603 
1517 	 -20.95657972591794 
1518 	 -20.934467166734176 
1519 	 -20.96007468570204 
1520 	 -20.93323120090003 
1521 	 -20.924988521443247 
1522 	 -20.966927127737915 
1523 	 -20.938373871725545 
1524 	 -20.94329427344373 
1525 	 -20.953897371183327 
1526 	 -20.92922826194784 
1527 	 -20.94964610763897 
1528 	 -20.935448436414376 
1529 	 -20.95679242006656 
1530 	 -20.933086038118457 
1531 	 -20.97091973727433 
1532 	 -20.928147580424373 
1533 	 -20.932224544613955 
1534 	 -20.96807470580168 
1535 	 -20.954217445173917 
1536 	 -20.947217463811608 
1537 	 -20.942839019783523 
1538 	 -20.9324774293799 
1539 	 -20.936948161603702 
1540 	 -20.963956960775274 
1541 	 -20.9552285740524 
1542 	 -20.933985865138517 
1543 	 -20.944320380840566 
1544 	 -20.944144050076613 
1545 	 -20.93748041466473 
1546 	 -20.9577880739701 
1547 	 -20.93792988120781 
1548 	 -20.953408256339763 
1549 	 -20.953084349520207 
1550 	 -20.952436511588616 
1551 	 -20.938497782335766 
1552 	 -20.95748305773876 
1553 	 -20.965032763448797 
1554 	 -20.938195134754444 
1555 	 -20.93898662084459 
1556 	 -20.953780645392982 
1557 	 -20.928881504896204 
1558 	 -20.955398799229098 
1559 	 -20.950548696294355 
1560 	 -20.95509955500888 
1561 	 -20.97246612957988 
1562 	 -20.934033270077254 
1563 	 -20.941466785790755 
1564 	 -20.958308796114416 
1565 	 -20.945766355356692 
1566 	 -20.947907959310008 
1567 	 -20.94036585405084 
1568 	 -20.96643242138334 
1569 	 -20.94134020515777 
1570 	 -20.966170769110903 
1571 	 -20.956836382910186 
1572 	 -20.939361726327235 
1573 	 -20.956383382899492 
1574 	 -20.940195499950175 
1575 	 -20.94587775877168 
1576 	 -20.94989878349807 
1577 	 -20.943754587503015 
1578 	 -20.96348029122365 
1579 	 -20.94446503277324 
1580 	 -20.963193398070796 
1581 	 -20.94536192784779 
1582 	 -20.960589672658024 
1583 	 -20.943984238849648 
1584 	 -20.941655156381632 
1585 	 -20.93291438800405 
1586 	 -20.97480708643389 
1587 	 -20.9429858650388 
1588 	 -20.963941433793725 
1589 	 -20.935503009101183 
1590 	 -20.95726410131779 
1591 	 -20.97507815611522 
1592 	 -20.935342150731596 
1593 	 -20.958164341842945 
1594 	 -20.936799738782387 
1595 	 -20.975846171128996 
1596 	 -20.94052824368837 
1597 	 -20.942939223426684 
1598 	 -20.97422274153493 
1599 	 -20.944966021135333 
1600 	 -20.948189224917233 
1601 	 -20.96937472962029 
1602 	 -20.947595345757513 
1603 	 -20.946094837934922 
1604 	 -20.96006360402052 
1605 	 -20.967015806258985 
1606 	 -20.94923478359132 
1607 	 -20.943276525135612 
1608 	 -20.97643758299758 
1609 	 -20.94859342588355 
1610 	 -20.947003857401974 
1611 	 -20.958069052117065 
1612 	 -20.962271537701078 
1613 	 -20.942484644889273 
1614 	 -20.95803435180772 
1615 	 -20.944830683006007 
1616 	 -20.976224397438774 
1617 	 -20.939809213214787 
1618 	 -20.978449768277656 
1619 	 -20.971775049536276 
1620 	 -20.938649120077557 
1621 	 -20.9663004194388 
1622 	 -20.950608574104425 
1623 	 -20.971877805432673 
1624 	 -20.951546477995475 
1625 	 -20.977558757935608 
1626 	 -20.948039615616835 
1627 	 -20.96641087342673 
1628 	 -20.952146039489314 
1629 	 -20.944013832870723 
1630 	 -20.978677856879123 
1631 	 -20.964589618085864 
1632 	 -20.950836176947032 
1633 	 -20.973029937699174 
1634 	 -20.953370189310846 
1635 	 -20.95779611874069 
1636 	 -20.956824965203758 
1637 	 -20.951820984544533 
1638 	 -20.964298844980274 
1639 	 -20.956608748549197 
1640 	 -20.958216017187596 
1641 	 -20.96671031417813 
1642 	 -20.961720563825246 
1643 	 -20.942474413333134 
1644 	 -20.97293620946256 
1645 	 -20.952692427761512 
1646 	 -20.971205940409842 
1647 	 -20.949904177287497 
1648 	 -20.95512844559936 
1649 	 -20.958251112840458 
1650 	 -20.957981526056034 
1651 	 -20.958245793743593 
1652 	 -20.957996646017595 
1653 	 -20.953302656094113 
1654 	 -20.97093041956975 
1655 	 -20.955075924479736 
1656 	 -20.97369522178157 
1657 	 -20.97194736789412 
1658 	 -20.955909422703044 
1659 	 -20.950429502164315 
1660 	 -20.95566386105889 
1661 	 -20.96364985152343 
1662 	 -20.947491819523997 
1663 	 -20.971695613931143 
1664 	 -20.953776372176456 
1665 	 -20.951444095491368 
1666 	 -20.955464441764054 
1667 	 -20.948271040298604 
1668 	 -20.96356865665495 
1669 	 -20.944880756296566 
1670 	 -20.97370716703759 
1671 	 -20.973718685524847 
1672 	 -20.957369848183934 
1673 	 -20.95801680940356 
1674 	 -20.972133047387103 
1675 	 -20.95193802313839 
1676 	 -20.956534726425645 
1677 	 -20.949592294699464 
1678 	 -20.97941747140601 
1679 	 -20.95417599862414 
1680 	 -20.968256669190144 
1681 	 -20.95796080515297 
1682 	 -20.971793567680884 
1683 	 -20.97111460787428 
1684 	 -20.955897008845245 
1685 	 -20.94925211112642 
1686 	 -20.965814372652705 
1687 	 -20.94800896136644 
1688 	 -20.97363477775637 
1689 	 -20.958636018896165 
1690 	 -20.9524048730891 
1691 	 -20.96966607880248 
1692 	 -20.968091529203 
1693 	 -20.981146905252377 
1694 	 -20.95496190182203 
1695 	 -20.953394512532206 
1696 	 -20.958585987947437 
1697 	 -20.955969366779293 
1698 	 -20.968646058181044 
1699 	 -20.957640666332058 
1700 	 -20.97327485470567 
1701 	 -20.980994589530162 
1702 	 -20.9562145878397 
1703 	 -20.96959713266162 
1704 	 -20.956354911901915 
1705 	 -20.957098085473387 
1706 	 -20.980919410113565 
1707 	 -20.980097930412718 
1708 	 -20.95826136928884 
1709 	 -20.952438974743316 
1710 	 -20.96701223357213 
1711 	 -20.95804298643076 
1712 	 -20.969314025834265 
1713 	 -20.959258951022207 
1714 	 -20.979882943682522 
1715 	 -20.953943613923155 
1716 	 -20.9664251568213 
1717 	 -20.959642265418424 
1718 	 -20.980212529944946 
1719 	 -20.968580241941847 
1720 	 -20.97350714949887 
1721 	 -20.96078044967217 
1722 	 -20.976502704122524 
1723 	 -20.959371587227906 
1724 	 -20.975490810912763 
1725 	 -20.971558210675195 
1726 	 -20.95773014605032 
1727 	 -20.97308189085665 
1728 	 -20.967929940254113 
1729 	 -20.971545005916447 
1730 	 -20.96196063256205 
1731 	 -20.96950571628359 
1732 	 -20.973529488109286 
1733 	 -20.952096241733766 
1734 	 -20.975678986661364 
1735 	 -20.95448655405729 
1736 	 -20.968021347620336 
1737 	 -20.978043313424717 
1738 	 -20.96206842933785 
1739 	 -20.972265117288302 
1740 	 -20.962427525148165 
1741 	 -20.97031432673958 
1742 	 -20.96049484900372 
1743 	 -20.97004726657551 
1744 	 -20.960894393666052 
1745 	 -20.95604875347213 
1746 	 -20.98191139334355 
1747 	 -20.96484065107733 
1748 	 -20.965352948027057 
1749 	 -20.96486178932405 
1750 	 -20.965338163515053 
1751 	 -20.95708387314292 
1752 	 -20.98151256113662 
1753 	 -20.96855788053072 
1754 	 -20.9561362750531 
1755 	 -20.957867291065305 
1756 	 -20.98141910426282 
1757 	 -20.98158019684906 
1758 	 -20.963041669658956 
1759 	 -20.974166651571856 
1760 	 -20.96612741015689 
1761 	 -20.975112266945324 
1762 	 -20.969889749673353 
1763 	 -20.9700189066396 
1764 	 -20.97501483489286 
1765 	 -20.963447399531685 
1766 	 -20.975803681048987 
1767 	 -20.961542827454455 
1768 	 -20.972257083960113 
1769 	 -20.97573653330423 
1770 	 -20.97151836939553 
1771 	 -20.955761047656928 
1772 	 -20.975991196218047 
1773 	 -20.957068487966783 
1774 	 -20.969663061939734 
1775 	 -20.976087515474102 
1776 	 -20.96405487482621 
1777 	 -20.962168266437708 
1778 	 -20.972578516592353 
1779 	 -20.96932716362447 
1780 	 -20.957914384190584 
1781 	 -20.95847921586571 
1782 	 -20.968948783328557 
1783 	 -20.963893538149357 
1784 	 -20.976746758979388 
1785 	 -20.962824534272094 
1786 	 -20.960189915828465 
1787 	 -20.97890109535567 
1788 	 -20.96567463565884 
1789 	 -20.97616500688842 
1790 	 -20.972546371804885 
1791 	 -20.97671348828455 
1792 	 -20.956509524523163 
1793 	 -20.963399453377292 
1794 	 -20.97260983571477 
1795 	 -20.976329898911157 
1796 	 -20.972958918357534 
1797 	 -20.964763611301215 
1798 	 -20.97677933128106 
1799 	 -20.982249031416586 
1800 	 -20.965306768815935 
1801 	 -20.959363369697122 
1802 	 -20.969636959153874 
1803 	 -20.963464164922613 
1804 	 -20.96095327918073 
1805 	 -20.98184177400543 
1806 	 -20.96110130526619 
1807 	 -20.96811377940406 
1808 	 -20.975678372305204 
1809 	 -20.964042421836538 
1810 	 -20.96087103904655 
1811 	 -20.96701348487173 
1812 	 -20.979313306983546 
1813 	 -20.967379108533866 
1814 	 -20.979098556921006 
1815 	 -20.96807739035 
1816 	 -20.976100874670013 
1817 	 -20.978687050488215 
1818 	 -20.967021136526775 
1819 	 -20.977153637810908 
1820 	 -20.96593906967608 
1821 	 -20.963635578518584 
1822 	 -20.973935419602377 
1823 	 -20.97413354376864 
1824 	 -20.97703285614401 
1825 	 -20.9675029532737 
1826 	 -20.978632896565504 
1827 	 -20.976005244996948 
1828 	 -20.973354848159595 
1829 	 -20.973698802989876 
1830 	 -20.964114766366894 
1831 	 -20.978464446243407 
1832 	 -20.967927583841217 
1833 	 -20.978958437478525 
1834 	 -20.96851636319974 
1835 	 -20.961020610233298 
1836 	 -20.965125209749672 
1837 	 -20.967980929171187 
1838 	 -20.96899349687091 
1839 	 -20.97363869435223 
1840 	 -20.964969406692422 
1841 	 -20.96893986582283 
1842 	 -20.978715212928385 
1843 	 -20.97022271387467 
1844 	 -20.961004281767472 
1845 	 -20.96865408312873 
1846 	 -20.968636058393244 
1847 	 -20.96144657367267 
1848 	 -20.96991947127466 
1849 	 -20.97769873490178 
1850 	 -20.966450786989984 
1851 	 -20.983283796141787 
1852 	 -20.966869227813845 
1853 	 -20.978765032401494 
1854 	 -20.969498917297773 
1855 	 -20.973263555243122 
1856 	 -20.966294489321566 
1857 	 -20.977332416867785 
1858 	 -20.96877860215811 
1859 	 -20.968711869602995 
1860 	 -20.9693732857016 
1861 	 -20.975886252746385 
1862 	 -20.967457031954936 
1863 	 -20.967678696664855 
1864 	 -20.98302112914243 
1865 	 -20.977952111975952 
1866 	 -20.96714000064707 
1867 	 -20.974530936599432 
1868 	 -20.976570489400835 
1869 	 -20.97881310996082 
1870 	 -20.9691795503266 
1871 	 -20.96397303515349 
1872 	 -20.981977722677822 
1873 	 -20.96840263184359 
1874 	 -20.98312593115663 
1875 	 -20.968819423759022 
1876 	 -20.9829233533428 
1877 	 -20.975947251336798 
1878 	 -20.96865379281517 
1879 	 -20.97473370445022 
1880 	 -20.965807344468374 
1881 	 -20.962863601536895 
1882 	 -20.966032548917518 
1883 	 -20.969887248236795 
1884 	 -20.969749953624465 
1885 	 -20.966062470337647 
1886 	 -20.974560005971043 
1887 	 -20.976444724870436 
1888 	 -20.96186575759718 
1889 	 -20.97600906441143 
1890 	 -20.962454067899486 
1891 	 -20.969442760731535 
1892 	 -20.977245848168728 
1893 	 -20.969136058530875 
1894 	 -20.97618815226978 
1895 	 -20.976919798081404 
1896 	 -20.9714283960381 
1897 	 -20.97019004870113 
1898 	 -20.9826051211702 
1899 	 -20.975574393670627 
1900 	 -20.96334263541812 
1901 	 -20.97629526055369 
1902 	 -20.978853542621493 
1903 	 -20.973338447008736 
1904 	 -20.96818106651257 
1905 	 -20.976757457278037 
1906 	 -20.972017741050415 
1907 	 -20.974721218952713 
1908 	 -20.978491202903268 
1909 	 -20.976455483253915 
1910 	 -20.978786499027105 
1911 	 -20.976504844836295 
1912 	 -20.978748154375346 
1913 	 -20.975748896416068 
1914 	 -20.966641330620973 
1915 	 -20.97610247146781 
1916 	 -20.969819966523435 
1917 	 -20.9770284247587 
1918 	 -20.970320873831135 
1919 	 -20.97591752344406 
1920 	 -20.970104381577976 
1921 	 -20.975773136118498 
1922 	 -20.9702871212957 
1923 	 -20.968593710587008 
1924 	 -20.973261642044278 
1925 	 -20.982879143419048 
1926 	 -20.97057324725896 
1927 	 -20.973252441629032 
1928 	 -20.96879069673368 
1929 	 -20.973255524353632 
1930 	 -20.961931776156792 
1931 	 -20.972899105435197 
1932 	 -20.962465637554665 
1933 	 -20.968430574536768 
1934 	 -20.973900491399956 
1935 	 -20.981210012360147 
1936 	 -20.967267987353047 
1937 	 -20.970611259920815 
1938 	 -20.981238667230734 
1939 	 -20.962868327802624 
1940 	 -20.97299155775857 
1941 	 -20.97565868075581 
1942 	 -20.97868036028515 
1943 	 -20.972658201411456 
1944 	 -20.96337130812025 
1945 	 -20.971256972467565 
1946 	 -20.975848365083678 
1947 	 -20.978617003451408 
1948 	 -20.97582643396424 
1949 	 -20.981342022451404 
1950 	 -20.96760189181228 
1951 	 -20.97129350225538 
1952 	 -20.977312735059396 
1953 	 -20.971103919562626 
1954 	 -20.980395926289237 
1955 	 -20.969074051583995 
1956 	 -20.97416721053818 
1957 	 -20.974013319370485 
1958 	 -20.96924717113999 
1959 	 -20.96373402796595 
1960 	 -20.968177652968308 
1961 	 -20.976024363981374 
1962 	 -20.971537911674925 
1963 	 -20.968159118582488 
1964 	 -20.97605149177925 
1965 	 -20.971672829780577 
1966 	 -20.980932319052762 
1967 	 -20.977360569235397 
1968 	 -20.971600022608566 
1969 	 -20.971614568682476 
1970 	 -20.980263909488745 
1971 	 -20.983017851588066 
1972 	 -20.97206624086424 
1973 	 -20.976031600293336 
1974 	 -20.965241305315676 
1975 	 -20.97221041337758 
1976 	 -20.980840877247324 
1977 	 -20.977627918998067 
1978 	 -20.973513993465378 
1979 	 -20.969090207776112 
1980 	 -20.980751374591268 
1981 	 -20.982868721955406 
1982 	 -20.972781719627864 
1983 	 -20.96954132598754 
1984 	 -20.980505944521177 
1985 	 -20.97389949677679 
1986 	 -20.977634835695017 
1987 	 -20.96390523271476 
1988 	 -20.96909964553376 
1989 	 -20.975412121917234 
1990 	 -20.966388835076845 
1991 	 -20.97757255334574 
1992 	 -20.97409670137867 
1993 	 -20.97227191023937 
1994 	 -20.97645367926526 
1995 	 -20.972519414683724 
1996 	 -20.981134718300275 
1997 	 -20.98024449085243 
1998 	 -20.970119461346087 
1999 	 -20.973511368855966 
2000 	 -20.982725128601516 
2001 	 -20.973908782687182 
2002 	 -20.964223634109548 
2003 	 -20.97523706716259 
2004 	 -20.967004121406784 
2005 	 -20.974440535604945 
2006 	 -20.97770087206106 
2007 	 -20.9710257975852 
2008 	 -20.97390623266907 
2009 	 -20.973935474960488 
2010 	 -20.96441488772348 
2011 	 -20.982530538567104 
2012 	 -20.974044767614686 
2013 	 -20.97286358047386 
2014 	 -20.98053028995223 
2015 	 -20.964423024917057 
2016 	 -20.969508928589843 
2017 	 -20.97061235127988 
2018 	 -20.980287225135154 
2019 	 -20.977294455255763 
2020 	 -20.973447775483184 
2021 	 -20.976855538446312 
2022 	 -20.96954692701997 
2023 	 -20.96951149342564 
2024 	 -20.964666663059575 
2025 	 -20.97656784837914 
2026 	 -20.969930066684068 
2027 	 -20.974469124089595 
2028 	 -20.982470739398646 
2029 	 -20.9744251433184 
2030 	 -20.98245159940401 
2031 	 -20.971872691880293 
2032 	 -20.973193480456224 
2033 	 -20.98073763332326 
2034 	 -20.97833340763064 
2035 	 -20.97314801469448 
2036 	 -20.97194525000624 
2037 	 -20.98045273582704 
2038 	 -20.97079271725126 
2039 	 -20.965804707349218 
2040 	 -20.973445904708697 
2041 	 -20.970585748590487 
2042 	 -20.976337487245033 
2043 	 -20.980482788297476 
2044 	 -20.970911405379724 
2045 	 -20.973513158110375 
2046 	 -20.977812577823673 
2047 	 -20.97363142056366 
2048 	 -20.97770691908778 
2049 	 -20.97747156275766 
2050 	 -20.979965002113325 
2051 	 -20.988892702495868 
